<?xml version="1.0" encoding="UTF-8"?>
<!-- Generated by org.testng.reporters.JUnitReportReporter -->
<testsuite hostname="DESKTOP-R026JPS" failures="0" tests="1" name="Cyclos_TestCase.Cyclos_TC_LoginTest" time="3.035" errors="0" timestamp="2024-06-12T14:17:13 IST" skipped="0">
  <testcase classname="Cyclos_TestCase.Cyclos_TC_LoginTest" name="LoginTest" time="3.035"/>
</testsuite> <!-- Cyclos_TestCase.Cyclos_TC_LoginTest -->
